2025-05-02 14:39:29,009 - ModelTraining - INFO - Starting face recognition model training...
2025-05-02 14:39:29,009 - ModelTraining - INFO - Creating data generators with augmentation...
2025-05-02 14:39:29,231 - ModelTraining - ERROR - Error in model training: compute_class_weight() takes 1 positional argument but 3 were given
Traceback (most recent call last):
  File "C:\Users\Administrator\Documents\facial_recognition_project\src\model\model_training.py", line 400, in main
    train_generator, validation_generator, test_generator, class_weights = create_data_generators()
  File "C:\Users\Administrator\Documents\facial_recognition_project\src\model\model_training.py", line 112, in create_data_generators
    class_weights = compute_class_weight('balanced',
TypeError: compute_class_weight() takes 1 positional argument but 3 were given
2025-05-02 14:41:30,190 - ModelTraining - INFO - Starting face recognition model training...
2025-05-02 14:41:30,190 - ModelTraining - INFO - Creating data generators with augmentation...
2025-05-02 14:41:30,419 - ModelTraining - INFO - Found 6746 training images in 36 classes
2025-05-02 14:41:30,419 - ModelTraining - INFO - Found 843 validation images
2025-05-02 14:41:30,419 - ModelTraining - INFO - Found 859 test images
2025-05-02 14:41:30,419 - ModelTraining - INFO - Class weights: {0: 1.0184178743961352, 1: 1.064709595959596, 2: 0.9276677667766776, 3: 0.7348583877995642, 4: 1.0184178743961352, 5: 1.064709595959596, 6: 0.8517676767676767, 7: 0.7098063973063973, 8: 0.9709268854346574, 9: 1.064709595959596, 10: 0.761743450767841, 11: 1.0184178743961352, 12: 1.0184178743961352, 13: 0.8880989994734071, 14: 1.064709595959596, 15: 0.9276677667766776, 16: 0.761743450767841, 17: 0.9709268854346574, 18: 0.7348583877995642, 19: 1.064709595959596, 20: 0.9709268854346574, 21: 1.064709595959596, 22: 0.9709268854346574, 23: 0.7098063973063973, 24: 0.7906704172526957, 25: 0.8218810916179338, 26: 0.9276677667766776, 27: 0.9276677667766776, 28: 0.8517676767676767, 29: 0.8880989994734071, 30: 2.676984126984127, 31: 3.0719489981785064, 32: 3.0719489981785064, 33: 1.1220891550232868, 34: 2.129419191919192, 35: 2.676984126984127}
2025-05-02 14:41:30,419 - ModelTraining - INFO - Creating model with 36 output classes...
2025-05-02 14:41:34,185 - ModelTraining - INFO - Model created with 24788644 parameters
2025-05-02 14:41:34,185 - ModelTraining - INFO - Starting model training for up to 50 epochs...
2025-05-02 15:41:49,583 - ModelTraining - INFO - Initial training completed
2025-05-02 15:41:49,586 - ModelTraining - INFO - Starting model fine-tuning...
2025-05-02 16:00:20,713 - ModelTraining - INFO - Fine-tuning completed
2025-05-02 16:00:20,713 - ModelTraining - INFO - Evaluating model on test set...
2025-05-02 16:00:22,600 - ModelTraining - INFO - Test loss: 1.0693
2025-05-02 16:00:22,600 - ModelTraining - INFO - Test accuracy: 1.0000
2025-05-02 16:00:22,600 - ModelTraining - INFO - Plotting training history...
2025-05-02 16:00:23,171 - ModelTraining - INFO - Training history plot saved to C:\Users\Administrator\Documents\facial_recognition_project\models\training_history.png
2025-05-02 16:00:23,171 - ModelTraining - INFO - Saving model and class labels...
2025-05-02 16:00:23,482 - ModelTraining - INFO - Model saved to C:\Users\Administrator\Documents\facial_recognition_project\models\face_recognition_model.h5
2025-05-02 16:00:23,483 - ModelTraining - INFO - Class dictionary saved to C:\Users\Administrator\Documents\facial_recognition_project\models\face-labels.pickle
2025-05-02 16:00:23,483 - ModelTraining - INFO - Class dictionary: {0: 'Amelie_Mauresmo', 1: 'Angelina_Jolie', 2: 'Atal_Bihari_Vajpayee', 3: 'Bill_Clinton', 4: 'Carlos_Menem', 5: 'George_Robertson', 6: 'Gray_Davis', 7: 'Guillermo_Coria', 8: 'Hamid_Karzai', 9: 'Igor_Ivanov', 10: 'Jack_Straw', 11: 'Jennifer_Aniston', 12: 'Jennifer_Lopez', 13: 'Jeremy_Greenstock', 14: 'Jiang_Zemin', 15: 'Jose_Maria_Aznar', 16: 'Juan_Carlos_Ferrero', 17: 'Lindsay_Davenport', 18: 'Mahmoud_Abbas', 19: 'Michael_Bloomberg', 20: 'Naomi_Watts', 21: 'Paul_Bremer', 22: 'Pete_Sampras', 23: 'Recep_Tayyip_Erdogan', 24: 'Ricardo_Lagos', 25: 'Rudolph_Giuliani', 26: 'Saddam_Hussein', 27: 'Tiger_Woods', 28: 'Tom_Daschle', 29: 'Winona_Ryder', 30: 'abobakr', 31: 'ahmed', 32: 'hamid', 33: 'ismail', 34: 'samih', 35: 'zainab'}
2025-05-02 16:00:23,483 - ModelTraining - INFO - Model training completed successfully
2025-05-02 18:22:21,220 - ModelTraining - INFO - Starting face recognition model training...
2025-05-02 18:22:21,222 - ModelTraining - INFO - Creating data generators with augmentation...
2025-05-02 18:22:21,222 - ModelTraining - ERROR - Error in model training: [WinError 3] The system cannot find the path specified: 'C:\\Users\\Administrator\\Documents\\facial_recognition_project\\data\\training_data\\train'
Traceback (most recent call last):
  File "C:\Users\Administrator\Documents\facial_recognition_project\src\model\model_training.py", line 409, in main
    train_generator, validation_generator, test_generator, class_weights = create_data_generators()
  File "C:\Users\Administrator\Documents\facial_recognition_project\src\model\model_training.py", line 85, in create_data_generators
    train_generator = train_datagen.flow_from_directory(
  File "C:\Program Files\lib\site-packages\keras\preprocessing\image.py", line 1650, in flow_from_directory
    return DirectoryIterator(
  File "C:\Program Files\lib\site-packages\keras\preprocessing\image.py", line 563, in __init__
    for subdir in sorted(os.listdir(directory)):
FileNotFoundError: [WinError 3] The system cannot find the path specified: 'C:\\Users\\Administrator\\Documents\\facial_recognition_project\\data\\training_data\\train'
2025-05-02 19:11:44,451 - ModelTraining - INFO - Starting face recognition model training...
2025-05-02 19:11:44,467 - ModelTraining - INFO - Creating data generators with augmentation...
2025-05-02 19:11:44,672 - ModelTraining - INFO - Found 6170 training images in 36 classes
2025-05-02 19:11:44,672 - ModelTraining - INFO - Found 772 validation images
2025-05-02 19:11:44,672 - ModelTraining - INFO - Found 789 test images
2025-05-02 19:11:44,684 - ModelTraining - INFO - Class weights: {0: 1.0847398030942335, 1: 0.9793650793650793, 2: 0.9793650793650793, 3: 0.7517056530214425, 4: 0.9738005050505051, 5: 0.9738005050505051, 6: 0.8880253310305124, 7: 0.6747594050743657, 8: 1.0847398030942335, 9: 1.0262807717897537, 10: 0.7517056530214425, 11: 0.9738005050505051, 12: 0.9314613526570048, 13: 0.8880253310305124, 14: 1.6322751322751323, 15: 0.8880253310305124, 16: 0.8926504629629629, 17: 0.8926504629629629, 18: 0.9738005050505051, 19: 1.0847398030942335, 20: 0.9314613526570048, 21: 1.0387205387205387, 22: 0.9964470284237726, 23: 0.6721132897603486, 24: 0.8484598459845984, 25: 0.8880253310305124, 26: 1.091648973814579, 27: 1.181992337164751, 28: 0.8122696155871512, 29: 0.9314613526570048, 30: 1.1902006172839505, 31: 1.181992337164751, 32: 1.6802832244008714, 33: 1.3183760683760684, 34: 8.569444444444445, 35: 1.6479700854700854}
2025-05-02 19:11:44,684 - ModelTraining - INFO - Creating model with 36 output classes...
2025-05-02 19:11:47,781 - ModelTraining - INFO - Model created with 24788644 parameters
2025-05-02 19:11:47,781 - ModelTraining - INFO - Starting model training for up to 30 epochs...
2025-05-02 19:34:29,040 - ModelTraining - INFO - Initial training completed
2025-05-02 19:34:29,046 - ModelTraining - INFO - Starting model fine-tuning...
2025-05-02 19:41:28,182 - ModelTraining - INFO - Fine-tuning completed
2025-05-02 19:41:28,186 - ModelTraining - INFO - Evaluating model on test set...
2025-05-02 19:41:29,933 - ModelTraining - INFO - Test loss: 2.5587
2025-05-02 19:41:29,934 - ModelTraining - INFO - Test accuracy: 0.9401
2025-05-02 19:41:29,934 - ModelTraining - INFO - Plotting training history...
2025-05-02 19:41:30,196 - ModelTraining - INFO - Training history plot saved to C:\Users\Administrator\Documents\facial_recognition_project\models\training_history.png
2025-05-02 19:41:30,196 - ModelTraining - INFO - Saving model and class labels...
2025-05-02 19:41:30,514 - ModelTraining - INFO - Model saved to C:\Users\Administrator\Documents\facial_recognition_project\models\face_recognition_model.h5
2025-05-02 19:41:30,515 - ModelTraining - INFO - Class dictionary saved to C:\Users\Administrator\Documents\facial_recognition_project\models\face-labels.pickle
2025-05-02 19:41:30,515 - ModelTraining - INFO - Class dictionary: {0: 'Amelie_Mauresmo', 1: 'Angelina_Jolie', 2: 'Atal_Bihari_Vajpayee', 3: 'Bill_Clinton', 4: 'Carlos_Menem', 5: 'George_Robertson', 6: 'Gray_Davis', 7: 'Guillermo_Coria', 8: 'Hamid_Karzai', 9: 'Igor_Ivanov', 10: 'Jack_Straw', 11: 'Jennifer_Aniston', 12: 'Jennifer_Lopez', 13: 'Jeremy_Greenstock', 14: 'Jiang_Zemin', 15: 'Jose_Maria_Aznar', 16: 'Juan_Carlos_Ferrero', 17: 'Lindsay_Davenport', 18: 'Mahmoud_Abbas', 19: 'Michael_Bloomberg', 20: 'Naomi_Watts', 21: 'Paul_Bremer', 22: 'Pete_Sampras', 23: 'Recep_Tayyip_Erdogan', 24: 'Ricardo_Lagos', 25: 'Rudolph_Giuliani', 26: 'Saddam_Hussein', 27: 'Tiger_Woods', 28: 'Tom_Daschle', 29: 'Winona_Ryder', 30: 'abobakr', 31: 'ahmed', 32: 'hamid', 33: 'ismail', 34: 'samih', 35: 'zainab'}
2025-05-02 19:41:30,515 - ModelTraining - INFO - Model training completed successfully
2025-05-04 11:25:27,393 - ModelTraining - INFO - Starting face recognition model training...
2025-05-04 11:25:27,393 - ModelTraining - INFO - Creating data generators with augmentation...
2025-05-04 11:25:27,891 - ModelTraining - INFO - Found 15323 training images in 36 classes
2025-05-04 11:25:27,891 - ModelTraining - INFO - Found 1917 validation images
2025-05-04 11:25:27,891 - ModelTraining - INFO - Found 1932 test images
2025-05-04 11:25:27,895 - ModelTraining - INFO - Class weights: {0: 0.6887360661632507, 1: 1.156627415458937, 2: 1.1597789887980623, 3: 0.8941993464052288, 4: 1.156627415458937, 5: 1.156627415458937, 6: 1.0535616061606161, 7: 0.8000730994152047, 8: 0.6898523320727534, 9: 0.6528203817314246, 10: 0.8904579265457927, 11: 1.1597789887980623, 12: 1.1055555555555556, 13: 1.0535616061606161, 14: 1.0356177345228441, 15: 1.0535616061606161, 16: 1.0640972222222222, 17: 1.0535616061606161, 18: 1.156627415458937, 19: 0.6898523320727534, 20: 1.1026914219919401, 21: 0.6528203817314246, 22: 1.188935443823712, 23: 0.7985720241817803, 24: 1.0062385080115577, 25: 1.0535616061606161, 26: 0.6909722222222222, 27: 0.7288337138508372, 28: 0.9673611111111111, 29: 1.1026914219919401, 30: 1.7734953703703704, 31: 1.7734953703703704, 32: 1.7444216757741349, 33: 0.8362257149094084, 34: 8.512777777777778, 35: 1.7025555555555556}
2025-05-04 11:25:27,895 - ModelTraining - INFO - Creating model with 36 output classes...
2025-05-04 11:25:31,014 - ModelTraining - INFO - Model created with 24788644 parameters
2025-05-04 11:25:31,014 - ModelTraining - INFO - Starting model training for up to 30 epochs...
2025-05-04 11:32:26,662 - ModelTraining - INFO - Starting face recognition model training...
2025-05-04 11:32:26,662 - ModelTraining - INFO - Creating data generators with augmentation...
2025-05-04 11:32:27,155 - ModelTraining - INFO - Found 15323 training images in 36 classes
2025-05-04 11:32:27,155 - ModelTraining - INFO - Found 1917 validation images
2025-05-04 11:32:27,155 - ModelTraining - INFO - Found 1932 test images
2025-05-04 11:32:27,171 - ModelTraining - INFO - Class weights: {0: 0.6887360661632507, 1: 1.156627415458937, 2: 1.1597789887980623, 3: 0.8941993464052288, 4: 1.156627415458937, 5: 1.156627415458937, 6: 1.0535616061606161, 7: 0.8000730994152047, 8: 0.6898523320727534, 9: 0.6528203817314246, 10: 0.8904579265457927, 11: 1.1597789887980623, 12: 1.1055555555555556, 13: 1.0535616061606161, 14: 1.0356177345228441, 15: 1.0535616061606161, 16: 1.0640972222222222, 17: 1.0535616061606161, 18: 1.156627415458937, 19: 0.6898523320727534, 20: 1.1026914219919401, 21: 0.6528203817314246, 22: 1.188935443823712, 23: 0.7985720241817803, 24: 1.0062385080115577, 25: 1.0535616061606161, 26: 0.6909722222222222, 27: 0.7288337138508372, 28: 0.9673611111111111, 29: 1.1026914219919401, 30: 1.7734953703703704, 31: 1.7734953703703704, 32: 1.7444216757741349, 33: 0.8362257149094084, 34: 8.512777777777778, 35: 1.7025555555555556}
2025-05-04 11:32:27,171 - ModelTraining - INFO - Creating model with 36 output classes...
2025-05-04 11:32:29,436 - ModelTraining - INFO - Model created with 24788644 parameters
2025-05-04 11:32:29,436 - ModelTraining - INFO - Starting model training for up to 50 epochs...
2025-05-04 12:55:42,983 - ModelTraining - INFO - Initial training completed
2025-05-04 12:55:42,987 - ModelTraining - INFO - Starting model fine-tuning...
2025-05-04 13:29:25,550 - ModelTraining - INFO - Fine-tuning completed
2025-05-04 13:29:25,554 - ModelTraining - INFO - Evaluating model on test set...
2025-05-04 13:29:29,758 - ModelTraining - INFO - Test loss: 0.9343
2025-05-04 13:29:29,758 - ModelTraining - INFO - Test accuracy: 0.9833
2025-05-04 13:29:29,758 - ModelTraining - INFO - Plotting training history...
2025-05-04 13:29:30,183 - ModelTraining - INFO - Training history plot saved to C:\Users\Administrator\Documents\facial_recognition_project\models\training_history.png
2025-05-04 13:29:30,184 - ModelTraining - INFO - Saving model and class labels...
2025-05-04 13:29:30,496 - ModelTraining - INFO - Model saved to C:\Users\Administrator\Documents\facial_recognition_project\models\face_recognition_model.h5
2025-05-04 13:29:30,496 - ModelTraining - INFO - Class dictionary saved to C:\Users\Administrator\Documents\facial_recognition_project\models\face-labels.pickle
2025-05-04 13:29:30,496 - ModelTraining - INFO - Class dictionary: {0: 'Amelie_Mauresmo', 1: 'Angelina_Jolie', 2: 'Atal_Bihari_Vajpayee', 3: 'Bill_Clinton', 4: 'Carlos_Menem', 5: 'George_Robertson', 6: 'Gray_Davis', 7: 'Guillermo_Coria', 8: 'Hamid_Karzai', 9: 'Igor_Ivanov', 10: 'Jack_Straw', 11: 'Jennifer_Aniston', 12: 'Jennifer_Lopez', 13: 'Jeremy_Greenstock', 14: 'Jiang_Zemin', 15: 'Jose_Maria_Aznar', 16: 'Juan_Carlos_Ferrero', 17: 'Lindsay_Davenport', 18: 'Mahmoud_Abbas', 19: 'Michael_Bloomberg', 20: 'Naomi_Watts', 21: 'Paul_Bremer', 22: 'Pete_Sampras', 23: 'Recep_Tayyip_Erdogan', 24: 'Ricardo_Lagos', 25: 'Rudolph_Giuliani', 26: 'Saddam_Hussein', 27: 'Tiger_Woods', 28: 'Tom_Daschle', 29: 'Winona_Ryder', 30: 'abobakr', 31: 'ahmed', 32: 'hamid', 33: 'ismail', 34: 'samih', 35: 'zainab'}
2025-05-04 13:29:30,496 - ModelTraining - INFO - Model training completed successfully
2025-05-11 20:51:42,997 - ModelTraining - INFO - Starting face recognition model training...
2025-05-11 20:51:43,010 - ModelTraining - INFO - Creating data generators with augmentation...
2025-05-11 20:51:43,592 - ModelTraining - INFO - Found 15323 training images in 36 classes
2025-05-11 20:51:43,592 - ModelTraining - INFO - Found 1917 validation images
2025-05-11 20:51:43,593 - ModelTraining - INFO - Found 1932 test images
2025-05-11 20:51:43,593 - ModelTraining - INFO - Creating model with 36 output classes...
2025-05-11 20:51:46,666 - ModelTraining - INFO - Starting model training for up to 70 epochs...
2025-05-11 22:43:47,666 - ModelTraining - INFO - Starting model fine-tuning...
2025-05-11 23:34:31,460 - ModelTraining - INFO - Evaluating model on test set...
2025-05-11 23:34:35,678 - ModelTraining - INFO - Test loss: 0.8726
2025-05-11 23:34:35,678 - ModelTraining - INFO - Test accuracy: 0.9792
2025-05-11 23:34:42,178 - ModelTraining - INFO - Model saved to C:\Users\Administrator\Documents\facial_recognition_project\models\face_recognition_model.h5
2025-05-11 23:34:42,178 - ModelTraining - INFO - Class dictionary saved to C:\Users\Administrator\Documents\facial_recognition_project\models\face-labels.pickle
2025-05-11 23:34:42,178 - ModelTraining - INFO - Model training completed successfully
